<?xml version="1.0" encoding="UTF-8"?>
<!-- Generated by org.testng.reporters.JUnitReportReporter -->
<testsuite hostname="DESKTOP-NC137G9" failures="0" tests="1" name="ZadatakTestNG.TransferTest" time="46.637" errors="0" timestamp="2024-09-17T09:08:01 CEST" skipped="0">
  <testcase classname="ZadatakTestNG.TransferTest" name="testLoginAndTransfer" time="46.637"/>
  <system-out/>
</testsuite> <!-- ZadatakTestNG.TransferTest -->
